# JRE version: Java(TM) SE Runtime Environment (11.0.2+9) (build 11.0.2+9-LTS)
# Java VM: Java HotSpot(TM) 64-Bit Server VM (11.0.2+9-LTS, mixed mode, tiered, compressed oops, g1 gc, windows-amd64)
Heap:
 garbage-first heap   total 262144K, used 127852K [0x00000000e0000000, 0x0000000100000000)
  region size 1024K, 86 young (88064K), 10 survivors (10240K)
 Metaspace       used 63968K, capacity 65302K, committed 65452K, reserved 311296K
  class space    used 7693K, capacity 8084K, committed 8192K, reserved 253952K
GC Heap History (10 events):
Event: 127.157 GC heap before
{Heap before GC invocations=14 (full 0):
 garbage-first heap   total 262144K, used 186779K [0x00000000e0000000, 0x0000000100000000)
  region size 1024K, 151 young (154624K), 17 survivors (17408K)
 Metaspace       used 61878K, capacity 63214K, committed 63532K, reserved 311296K
  class space    used 7603K, capacity 7992K, committed 8064K, reserved 253952K
}
Event: 127.176 GC heap after
{Heap after GC invocations=15 (full 0):
 garbage-first heap   total 262144K, used 49152K [0x00000000e0000000, 0x0000000100000000)
  region size 1024K, 8 young (8192K), 8 survivors (8192K)
 Metaspace       used 61878K, capacity 63214K, committed 63532K, reserved 311296K
  class space    used 7603K, capacity 7992K, committed 8064K, reserved 253952K
}
Event: 136.960 GC heap before
{Heap before GC invocations=15 (full 0):
 garbage-first heap   total 262144K, used 191488K [0x00000000e0000000, 0x0000000100000000)
  region size 1024K, 147 young (150528K), 8 survivors (8192K)
 Metaspace       used 62393K, capacity 63710K, committed 63788K, reserved 311296K
  class space    used 7607K, capacity 8000K, committed 8064K, reserved 253952K
}
Event: 136.965 GC heap after
{Heap after GC invocations=16 (full 0):
 garbage-first heap   total 262144K, used 46080K [0x00000000e0000000, 0x0000000100000000)
  region size 1024K, 5 young (5120K), 5 survivors (5120K)
 Metaspace       used 62393K, capacity 63710K, committed 63788K, reserved 311296K
  class space    used 7607K, capacity 8000K, committed 8064K, reserved 253952K
}
Event: 139.781 GC heap before
{Heap before GC invocations=16 (full 0):
 garbage-first heap   total 262144K, used 197632K [0x00000000e0000000, 0x0000000100000000)
  region size 1024K, 153 young (156672K), 5 survivors (5120K)
 Metaspace       used 63010K, capacity 64358K, committed 64556K, reserved 311296K
  class space    used 7674K, capacity 8064K, committed 8064K, reserved 253952K
}
Event: 139.793 GC heap after
{Heap after GC invocations=17 (full 0):
 garbage-first heap   total 262144K, used 50958K [0x00000000e0000000, 0x0000000100000000)
  region size 1024K, 10 young (10240K), 10 survivors (10240K)
 Metaspace       used 63010K, capacity 64358K, committed 64556K, reserved 311296K
  class space    used 7674K, capacity 8064K, committed 8064K, reserved 253952K
}
Event: 146.454 GC heap before
{Heap before GC invocations=17 (full 0):
 garbage-first heap   total 262144K, used 196366K [0x00000000e0000000, 0x0000000100000000)
  region size 1024K, 153 young (156672K), 10 survivors (10240K)
 Metaspace       used 63429K, capacity 64730K, committed 64940K, reserved 311296K
  class space    used 7688K, capacity 8075K, committed 8192K, reserved 253952K
}
Event: 146.465 GC heap after
{Heap after GC invocations=18 (full 0):
 garbage-first heap   total 262144K, used 51200K [0x00000000e0000000, 0x0000000100000000)
  region size 1024K, 10 young (10240K), 10 survivors (10240K)
 Metaspace       used 63429K, capacity 64730K, committed 64940K, reserved 311296K
  class space    used 7688K, capacity 8075K, committed 8192K, reserved 253952K
}
Event: 307.011 GC heap before
{Heap before GC invocations=18 (full 0):
 garbage-first heap   total 262144K, used 196608K [0x00000000e0000000, 0x0000000100000000)
  region size 1024K, 153 young (156672K), 10 survivors (10240K)
 Metaspace       used 63860K, capacity 65171K, committed 65452K, reserved 311296K
  class space    used 7693K, capacity 8083K, committed 8192K, reserved 253952K
}
Event: 307.022 GC heap after
{Heap after GC invocations=19 (full 0):
 garbage-first heap   total 262144K, used 51052K [0x00000000e0000000, 0x0000000100000000)
  region size 1024K, 10 young (10240K), 10 survivors (10240K)
 Metaspace       used 63860K, capacity 65171K, committed 65452K, reserved 311296K
  class space    used 7693K, capacity 8083K, committed 8192K, reserved 253952K
}

