# JRE version: Java(TM) SE Runtime Environment (11.0.2+9) (build 11.0.2+9-LTS)
# Java VM: Java HotSpot(TM) 64-Bit Server VM (11.0.2+9-LTS, mixed mode, tiered, compressed oops, g1 gc, windows-amd64)
Heap:
 garbage-first heap   total 131072K, used 34328K [0x0000000081a00000, 0x0000000100000000)
  region size 1024K, 31 young (31744K), 5 survivors (5120K)
 Metaspace       used 32964K, capacity 33683K, committed 33920K, reserved 1079296K
  class space    used 3845K, capacity 4139K, committed 4224K, reserved 1048576K
GC Heap History (10 events):
Event: 2.005 GC heap before
{Heap before GC invocations=0 (full 0):
 garbage-first heap   total 131072K, used 13312K [0x0000000081a00000, 0x0000000100000000)
  region size 1024K, 14 young (14336K), 0 survivors (0K)
 Metaspace       used 11100K, capacity 11301K, committed 11392K, reserved 1058816K
  class space    used 1087K, capacity 1146K, committed 1152K, reserved 1048576K
}
Event: 2.010 GC heap after
{Heap after GC invocations=1 (full 0):
 garbage-first heap   total 131072K, used 3519K [0x0000000081a00000, 0x0000000100000000)
  region size 1024K, 2 young (2048K), 2 survivors (2048K)
 Metaspace       used 11100K, capacity 11301K, committed 11392K, reserved 1058816K
  class space    used 1087K, capacity 1146K, committed 1152K, reserved 1048576K
}
Event: 2.256 GC heap before
{Heap before GC invocations=1 (full 0):
 garbage-first heap   total 131072K, used 7615K [0x0000000081a00000, 0x0000000100000000)
  region size 1024K, 6 young (6144K), 2 survivors (2048K)
 Metaspace       used 12254K, capacity 12501K, committed 12672K, reserved 1060864K
  class space    used 1246K, capacity 1337K, committed 1408K, reserved 1048576K
}
Event: 2.270 GC heap after
{Heap after GC invocations=2 (full 0):
 garbage-first heap   total 131072K, used 3991K [0x0000000081a00000, 0x0000000100000000)
  region size 1024K, 1 young (1024K), 1 survivors (1024K)
 Metaspace       used 12254K, capacity 12501K, committed 12672K, reserved 1060864K
  class space    used 1246K, capacity 1337K, committed 1408K, reserved 1048576K
}
Event: 3.435 GC heap before
{Heap before GC invocations=2 (full 0):
 garbage-first heap   total 131072K, used 25495K [0x0000000081a00000, 0x0000000100000000)
  region size 1024K, 23 young (23552K), 1 survivors (1024K)
 Metaspace       used 17771K, capacity 18064K, committed 18304K, reserved 1064960K
  class space    used 2014K, capacity 2150K, committed 2176K, reserved 1048576K
}
Event: 3.438 GC heap after
{Heap after GC invocations=3 (full 0):
 garbage-first heap   total 131072K, used 5335K [0x0000000081a00000, 0x0000000100000000)
  region size 1024K, 2 young (2048K), 2 survivors (2048K)
 Metaspace       used 17771K, capacity 18064K, committed 18304K, reserved 1064960K
  class space    used 2014K, capacity 2150K, committed 2176K, reserved 1048576K
}
Event: 4.340 GC heap before
{Heap before GC invocations=3 (full 0):
 garbage-first heap   total 131072K, used 17623K [0x0000000081a00000, 0x0000000100000000)
  region size 1024K, 15 young (15360K), 2 survivors (2048K)
 Metaspace       used 20876K, capacity 21228K, committed 21248K, reserved 1069056K
  class space    used 2382K, capacity 2549K, committed 2560K, reserved 1048576K
}
Event: 4.344 GC heap after
{Heap after GC invocations=4 (full 0):
 garbage-first heap   total 131072K, used 5980K [0x0000000081a00000, 0x0000000100000000)
  region size 1024K, 3 young (3072K), 3 survivors (3072K)
 Metaspace       used 20876K, capacity 21228K, committed 21248K, reserved 1069056K
  class space    used 2382K, capacity 2549K, committed 2560K, reserved 1048576K
}
Event: 6.155 GC heap before
{Heap before GC invocations=5 (full 0):
 garbage-first heap   total 131072K, used 51036K [0x0000000081a00000, 0x0000000100000000)
  region size 1024K, 47 young (48128K), 3 survivors (3072K)
 Metaspace       used 28956K, capacity 29596K, committed 29824K, reserved 1075200K
  class space    used 3343K, capacity 3595K, committed 3712K, reserved 1048576K
}
Event: 6.167 GC heap after
{Heap after GC invocations=6 (full 0):
 garbage-first heap   total 131072K, used 8728K [0x0000000081a00000, 0x0000000100000000)
  region size 1024K, 5 young (5120K), 5 survivors (5120K)
 Metaspace       used 28956K, capacity 29596K, committed 29824K, reserved 1075200K
  class space    used 3343K, capacity 3595K, committed 3712K, reserved 1048576K
}

