# JRE version: Java(TM) SE Runtime Environment (11.0.2+9) (build 11.0.2+9-LTS)
# Java VM: Java HotSpot(TM) 64-Bit Server VM (11.0.2+9-LTS, mixed mode, tiered, compressed oops, g1 gc, windows-amd64)
Heap:
 garbage-first heap   total 262144K, used 89057K [0x00000000e0000000, 0x0000000100000000)
  region size 1024K, 50 young (51200K), 12 survivors (12288K)
 Metaspace       used 60832K, capacity 62073K, committed 62288K, reserved 309248K
  class space    used 7606K, capacity 7971K, committed 8060K, reserved 253952K
GC Heap History (10 events):
Event: 6.069 GC heap before
{Heap before GC invocations=6 (full 0):
 garbage-first heap   total 262144K, used 50810K [0x00000000e0000000, 0x0000000100000000)
  region size 1024K, 36 young (36864K), 6 survivors (6144K)
 Metaspace       used 35334K, capacity 35859K, committed 35964K, reserved 286720K
  class space    used 4424K, capacity 4630K, committed 4732K, reserved 253952K
}
Event: 6.083 GC heap after
{Heap after GC invocations=7 (full 0):
 garbage-first heap   total 262144K, used 20427K [0x00000000e0000000, 0x0000000100000000)
  region size 1024K, 7 young (7168K), 7 survivors (7168K)
 Metaspace       used 35334K, capacity 35859K, committed 35964K, reserved 286720K
  class space    used 4424K, capacity 4630K, committed 4732K, reserved 253952K
}
Event: 9.893 GC heap before
{Heap before GC invocations=8 (full 0):
 garbage-first heap   total 262144K, used 118731K [0x00000000e0000000, 0x0000000100000000)
  region size 1024K, 103 young (105472K), 7 survivors (7168K)
 Metaspace       used 43772K, capacity 44540K, committed 44796K, reserved 292864K
  class space    used 5752K, capacity 6046K, committed 6140K, reserved 253952K
}
Event: 9.907 GC heap after
{Heap after GC invocations=9 (full 0):
 garbage-first heap   total 262144K, used 24961K [0x00000000e0000000, 0x0000000100000000)
  region size 1024K, 11 young (11264K), 11 survivors (11264K)
 Metaspace       used 43772K, capacity 44540K, committed 44796K, reserved 292864K
  class space    used 5752K, capacity 6046K, committed 6140K, reserved 253952K
}
Event: 19.810 GC heap before
{Heap before GC invocations=9 (full 0):
 garbage-first heap   total 262144K, used 169345K [0x00000000e0000000, 0x0000000100000000)
  region size 1024K, 153 young (156672K), 11 survivors (11264K)
 Metaspace       used 49098K, capacity 50057K, committed 50300K, reserved 299008K
  class space    used 6372K, capacity 6661K, committed 6780K, reserved 253952K
}
Event: 19.836 GC heap after
{Heap after GC invocations=10 (full 0):
 garbage-first heap   total 262144K, used 33145K [0x00000000e0000000, 0x0000000100000000)
  region size 1024K, 18 young (18432K), 18 survivors (18432K)
 Metaspace       used 49098K, capacity 50057K, committed 50300K, reserved 299008K
  class space    used 6372K, capacity 6661K, committed 6780K, reserved 253952K
}
Event: 23.561 GC heap before
{Heap before GC invocations=10 (full 0):
 garbage-first heap   total 262144K, used 126329K [0x00000000e0000000, 0x0000000100000000)
  region size 1024K, 110 young (112640K), 18 survivors (18432K)
 Metaspace       used 59082K, capacity 60202K, committed 60368K, reserved 307200K
  class space    used 7494K, capacity 7841K, committed 7932K, reserved 253952K
}
Event: 23.609 GC heap after
{Heap after GC invocations=11 (full 0):
 garbage-first heap   total 262144K, used 42801K [0x00000000e0000000, 0x0000000100000000)
  region size 1024K, 18 young (18432K), 18 survivors (18432K)
 Metaspace       used 59082K, capacity 60202K, committed 60368K, reserved 307200K
  class space    used 7494K, capacity 7841K, committed 7932K, reserved 253952K
}
Event: 33.390 GC heap before
{Heap before GC invocations=12 (full 0):
 garbage-first heap   total 262144K, used 180017K [0x00000000e0000000, 0x0000000100000000)
  region size 1024K, 153 young (156672K), 18 survivors (18432K)
 Metaspace       used 60711K, capacity 61880K, committed 62032K, reserved 309248K
  class space    used 7604K, capacity 7971K, committed 8060K, reserved 253952K
}
Event: 33.432 GC heap after
{Heap after GC invocations=13 (full 0):
 garbage-first heap   total 262144K, used 51169K [0x00000000e0000000, 0x0000000100000000)
  region size 1024K, 12 young (12288K), 12 survivors (12288K)
 Metaspace       used 60711K, capacity 61880K, committed 62032K, reserved 309248K
  class space    used 7604K, capacity 7971K, committed 8060K, reserved 253952K
}

