# JRE version: Java(TM) SE Runtime Environment (11.0.2+9) (build 11.0.2+9-LTS)
# Java VM: Java HotSpot(TM) 64-Bit Server VM (11.0.2+9-LTS, mixed mode, tiered, compressed oops, g1 gc, windows-amd64)
Heap:
 garbage-first heap   total 262144K, used 198625K [0x00000000e0000000, 0x0000000100000000)
  region size 1024K, 147 young (150528K), 8 survivors (8192K)
 Metaspace       used 66663K, capacity 68132K, committed 68432K, reserved 315392K
  class space    used 7818K, capacity 8256K, committed 8316K, reserved 253952K
GC Heap History (10 events):
Event: 10711.913 GC heap before
{Heap before GC invocations=25 (full 0):
 garbage-first heap   total 262144K, used 201764K [0x00000000e0000000, 0x0000000100000000)
  region size 1024K, 153 young (156672K), 6 survivors (6144K)
 Metaspace       used 66225K, capacity 67657K, committed 67920K, reserved 315392K
  class space    used 7815K, capacity 8250K, committed 8316K, reserved 253952K
}
Event: 10711.938 GC heap after
{Heap after GC invocations=26 (full 0):
 garbage-first heap   total 262144K, used 61317K [0x00000000e0000000, 0x0000000100000000)
  region size 1024K, 15 young (15360K), 15 survivors (15360K)
 Metaspace       used 66225K, capacity 67657K, committed 67920K, reserved 315392K
  class space    used 7815K, capacity 8250K, committed 8316K, reserved 253952K
}
Event: 10717.179 GC heap before
{Heap before GC invocations=26 (full 0):
 garbage-first heap   total 262144K, used 201605K [0x00000000e0000000, 0x0000000100000000)
  region size 1024K, 153 young (156672K), 15 survivors (15360K)
 Metaspace       used 66352K, capacity 67794K, committed 67920K, reserved 315392K
  class space    used 7816K, capacity 8252K, committed 8316K, reserved 253952K
}
Event: 10717.193 GC heap after
{Heap after GC invocations=27 (full 0):
 garbage-first heap   total 262144K, used 60447K [0x00000000e0000000, 0x0000000100000000)
  region size 1024K, 11 young (11264K), 11 survivors (11264K)
 Metaspace       used 66352K, capacity 67794K, committed 67920K, reserved 315392K
  class space    used 7816K, capacity 8252K, committed 8316K, reserved 253952K
}
Event: 10726.933 GC heap before
{Heap before GC invocations=27 (full 0):
 garbage-first heap   total 262144K, used 205855K [0x00000000e0000000, 0x0000000100000000)
  region size 1024K, 153 young (156672K), 11 survivors (11264K)
 Metaspace       used 66499K, capacity 67990K, committed 68176K, reserved 315392K
  class space    used 7816K, capacity 8252K, committed 8316K, reserved 253952K
}
Event: 10726.942 GC heap after
{Heap after GC invocations=28 (full 0):
 garbage-first heap   total 262144K, used 59395K [0x00000000e0000000, 0x0000000100000000)
  region size 1024K, 10 young (10240K), 10 survivors (10240K)
 Metaspace       used 66499K, capacity 67990K, committed 68176K, reserved 315392K
  class space    used 7816K, capacity 8252K, committed 8316K, reserved 253952K
}
Event: 10739.768 GC heap before
{Heap before GC invocations=28 (full 0):
 garbage-first heap   total 262144K, used 204803K [0x00000000e0000000, 0x0000000100000000)
  region size 1024K, 153 young (156672K), 10 survivors (10240K)
 Metaspace       used 66561K, capacity 67990K, committed 68176K, reserved 315392K
  class space    used 7816K, capacity 8252K, committed 8316K, reserved 253952K
}
Event: 10739.777 GC heap after
{Heap after GC invocations=29 (full 0):
 garbage-first heap   total 262144K, used 58314K [0x00000000e0000000, 0x0000000100000000)
  region size 1024K, 9 young (9216K), 9 survivors (9216K)
 Metaspace       used 66561K, capacity 67990K, committed 68176K, reserved 315392K
  class space    used 7816K, capacity 8252K, committed 8316K, reserved 253952K
}
Event: 10744.115 GC heap before
{Heap before GC invocations=29 (full 0):
 garbage-first heap   total 262144K, used 204746K [0x00000000e0000000, 0x0000000100000000)
  region size 1024K, 153 young (156672K), 9 survivors (9216K)
 Metaspace       used 66646K, capacity 68126K, committed 68432K, reserved 315392K
  class space    used 7817K, capacity 8254K, committed 8316K, reserved 253952K
}
Event: 10744.123 GC heap after
{Heap after GC invocations=30 (full 0):
 garbage-first heap   total 262144K, used 57313K [0x00000000e0000000, 0x0000000100000000)
  region size 1024K, 8 young (8192K), 8 survivors (8192K)
 Metaspace       used 66646K, capacity 68126K, committed 68432K, reserved 315392K
  class space    used 7817K, capacity 8254K, committed 8316K, reserved 253952K
}

