# JRE version: Java(TM) SE Runtime Environment (11.0.2+9) (build 11.0.2+9-LTS)
# Java VM: Java HotSpot(TM) 64-Bit Server VM (11.0.2+9-LTS, mixed mode, tiered, compressed oops, g1 gc, windows-amd64)
Heap:
 garbage-first heap   total 131072K, used 33851K [0x0000000081a00000, 0x0000000100000000)
  region size 1024K, 31 young (31744K), 3 survivors (3072K)
 Metaspace       used 26850K, capacity 27417K, committed 27648K, reserved 1079296K
  class space    used 3100K, capacity 3317K, committed 3328K, reserved 1048576K
GC Heap History (8 events):
Event: 1.794 GC heap before
{Heap before GC invocations=0 (full 0):
 garbage-first heap   total 131072K, used 13312K [0x0000000081a00000, 0x0000000100000000)
  region size 1024K, 14 young (14336K), 0 survivors (0K)
 Metaspace       used 11174K, capacity 11357K, committed 11392K, reserved 1064960K
  class space    used 1097K, capacity 1146K, committed 1152K, reserved 1048576K
}
Event: 1.807 GC heap after
{Heap after GC invocations=1 (full 0):
 garbage-first heap   total 131072K, used 3635K [0x0000000081a00000, 0x0000000100000000)
  region size 1024K, 2 young (2048K), 2 survivors (2048K)
 Metaspace       used 11174K, capacity 11357K, committed 11392K, reserved 1064960K
  class space    used 1097K, capacity 1146K, committed 1152K, reserved 1048576K
}
Event: 2.191 GC heap before
{Heap before GC invocations=1 (full 0):
 garbage-first heap   total 131072K, used 12851K [0x0000000081a00000, 0x0000000100000000)
  region size 1024K, 11 young (11264K), 2 survivors (2048K)
 Metaspace       used 13707K, capacity 13975K, committed 14080K, reserved 1067008K
  class space    used 1391K, capacity 1493K, committed 1536K, reserved 1048576K
}
Event: 2.195 GC heap after
{Heap after GC invocations=2 (full 0):
 garbage-first heap   total 131072K, used 4316K [0x0000000081a00000, 0x0000000100000000)
  region size 1024K, 1 young (1024K), 1 survivors (1024K)
 Metaspace       used 13707K, capacity 13975K, committed 14080K, reserved 1067008K
  class space    used 1391K, capacity 1493K, committed 1536K, reserved 1048576K
}
Event: 3.461 GC heap before
{Heap before GC invocations=2 (full 0):
 garbage-first heap   total 131072K, used 31964K [0x0000000081a00000, 0x0000000100000000)
  region size 1024K, 29 young (29696K), 1 survivors (1024K)
 Metaspace       used 20696K, capacity 21060K, committed 21248K, reserved 1073152K
  class space    used 2364K, capacity 2517K, committed 2560K, reserved 1048576K
}
Event: 3.467 GC heap after
{Heap after GC invocations=3 (full 0):
 garbage-first heap   total 131072K, used 5975K [0x0000000081a00000, 0x0000000100000000)
  region size 1024K, 3 young (3072K), 3 survivors (3072K)
 Metaspace       used 20696K, capacity 21060K, committed 21248K, reserved 1073152K
  class space    used 2364K, capacity 2517K, committed 2560K, reserved 1048576K
}
Event: 3.506 GC heap before
{Heap before GC invocations=3 (full 0):
 garbage-first heap   total 131072K, used 5975K [0x0000000081a00000, 0x0000000100000000)
  region size 1024K, 4 young (4096K), 3 survivors (3072K)
 Metaspace       used 20865K, capacity 21220K, committed 21248K, reserved 1073152K
  class space    used 2382K, capacity 2549K, committed 2560K, reserved 1048576K
}
Event: 3.512 GC heap after
{Heap after GC invocations=4 (full 0):
 garbage-first heap   total 131072K, used 6203K [0x0000000081a00000, 0x0000000100000000)
  region size 1024K, 3 young (3072K), 3 survivors (3072K)
 Metaspace       used 20865K, capacity 21220K, committed 21248K, reserved 1073152K
  class space    used 2382K, capacity 2549K, committed 2560K, reserved 1048576K
}

